\BOOKMARK [1][-]{section.1}{\376\377\000R\000e\000s\000u\000m\000e\000n}{}% 1
\BOOKMARK [1][-]{section.2}{\376\377\000A\000j\000u\000s\000t\000e\000\040\000d\000e\000\040\000f\000u\000n\000c\000i\000\363\000n\000\040\000d\000e\000\040\000t\000r\000a\000n\000s\000f\000e\000r\000e\000n\000c\000i\000a}{}% 2
\BOOKMARK [2][-]{subsection.2.1}{\376\377\000C\000\341\000l\000c\000u\000l\000o\000\040\000d\000e\000l\000\040\000v\000a\000l\000o\000r\000\040\000e\000n\000\040\000e\000s\000t\000a\000d\000o\000\040\000e\000s\000t\000a\000c\000i\000o\000n\000a\000r\000i\000o}{section.2}% 3
\BOOKMARK [2][-]{subsection.2.2}{\376\377\000C\000\341\000l\000c\000u\000l\000o\000\040\000d\000e\000l\000\040\000s\000o\000b\000r\000e\000i\000m\000p\000u\000l\000s\000o}{section.2}% 4
\BOOKMARK [1][-]{section.3}{\376\377\000P\000r\000u\000e\000b\000a\000s\000\040\000d\000e\000\040\000f\000u\000n\000c\000i\000o\000n\000.}{}% 5
\BOOKMARK [2][-]{subsection.3.1}{\376\377\000R\000e\000s\000p\000u\000e\000s\000t\000a\000\040\000u\000n\000\040\000i\000m\000p\000u\000l\000s\000o\000\040\000y\000\040\000e\000s\000c\000a\000l\000\363\000n\000\040\000u\000n\000i\000t\000a\000r\000i\000o}{section.3}% 6
\BOOKMARK [3][-]{subsubsection.3.1.1}{\376\377\000A\000p\000l\000i\000c\000a\000c\000i\000\363\000n\000\040\000d\000e\000\040\000u\000n\000\040\000i\000m\000p\000u\000l\000s\000o}{subsection.3.1}% 7
\BOOKMARK [3][-]{subsubsection.3.1.2}{\376\377\000C\000\341\000l\000c\000u\000l\000o\000\040\000d\000e\000\040\000f\000r\000a\000c\000c\000i\000o\000n\000e\000s\000\040\000p\000a\000r\000c\000i\000a\000l\000e\000s\000\040\000e\000n\000\040\000M\000A\000T\000L\000A\000B}{subsection.3.1}% 8
\BOOKMARK [3][-]{subsubsection.3.1.3}{\376\377\000E\000x\000p\000r\000e\000s\000i\000\363\000n\000\040\000e\000n\000\040\000f\000r\000a\000c\000c\000i\000o\000n\000e\000s\000\040\000p\000a\000r\000c\000i\000a\000l\000e\000s}{subsection.3.1}% 9
\BOOKMARK [3][-]{subsubsection.3.1.4}{\376\377\000T\000r\000a\000n\000s\000f\000o\000r\000m\000a\000d\000a\000\040\000i\000n\000v\000e\000r\000s\000a\000\040\000t\000\351\000r\000m\000i\000n\000o\000\040\000p\000o\000r\000\040\000t\000\351\000r\000m\000i\000n\000o}{subsection.3.1}% 10
\BOOKMARK [3][-]{subsubsection.3.1.5}{\376\377\000R\000e\000s\000u\000l\000t\000a\000d\000o\000\040\000f\000i\000n\000a\000l}{subsection.3.1}% 11
\BOOKMARK [3][-]{subsubsection.3.1.6}{\376\377\000R\000e\000s\000p\000u\000e\000s\000t\000a\000\040\000d\000e\000l\000\040\000s\000i\000s\000t\000e\000m\000a\000\040\000a\000j\000u\000s\000t\000a\000d\000o\000\040\000a\000n\000t\000e\000\040\000u\000n\000a\000\040\000e\000n\000t\000r\000a\000d\000a\000\040\000e\000s\000c\000a\000l\000\363\000n\000\040\000u\000n\000i\000t\000a\000r\000i\000o}{subsection.3.1}% 12
\BOOKMARK [3][-]{subsubsection.3.1.7}{\376\377\000E\000n\000t\000r\000a\000d\000a\000\040\000e\000s\000c\000a\000l\000\363\000n\000\040\000u\000n\000i\000t\000a\000r\000i\000o\000\040\000e\000n\000\040\000e\000l\000\040\000d\000o\000m\000i\000n\000i\000o\000\040\000d\000e\000\040\000L\000a\000p\000l\000a\000c\000e}{subsection.3.1}% 13
\BOOKMARK [3][-]{subsubsection.3.1.8}{\376\377\000F\000u\000n\000c\000i\000\363\000n\000\040\000d\000e\000\040\000s\000a\000l\000i\000d\000a\000\040\000e\000n\000\040\000e\000l\000\040\000d\000o\000m\000i\000n\000i\000o\000\040\000d\000e\000\040\000L\000a\000p\000l\000a\000c\000e}{subsection.3.1}% 14
\BOOKMARK [3][-]{subsubsection.3.1.9}{\376\377\000D\000e\000s\000c\000o\000m\000p\000o\000s\000i\000c\000i\000\363\000n\000\040\000e\000n\000\040\000f\000r\000a\000c\000c\000i\000o\000n\000e\000s\000\040\000p\000a\000r\000c\000i\000a\000l\000e\000s}{subsection.3.1}% 15
\BOOKMARK [3][-]{subsubsection.3.1.10}{\376\377\000T\000r\000a\000n\000s\000f\000o\000r\000m\000a\000d\000a\000\040\000i\000n\000v\000e\000r\000s\000a\000\040\000d\000e\000\040\000L\000a\000p\000l\000a\000c\000e}{subsection.3.1}% 16
\BOOKMARK [3][-]{subsubsection.3.1.11}{\376\377\000R\000e\000s\000p\000u\000e\000s\000t\000a\000\040\000f\000i\000n\000a\000l\000\040\000e\000n\000\040\000e\000l\000\040\000d\000o\000m\000i\000n\000i\000o\000\040\000d\000e\000l\000\040\000t\000i\000e\000m\000p\000o}{subsection.3.1}% 17
\BOOKMARK [2][-]{subsection.3.2}{\376\377\000E\000s\000t\000i\000m\000a\000r\000\040\000l\000a\000\040\000r\000e\000s\000p\000u\000e\000s\000t\000a\000\040\000f\000r\000e\000n\000t\000e\000\040\000a\000\040\000l\000a\000\040\000s\000e\000\361\000a\000l\000\040\000d\000e\000\040\000P\000r\000u\000e\000b\000a\000\040\0001}{section.3}% 18
\BOOKMARK [3][-]{subsubsection.3.2.1}{\376\377\000S\000e\000\361\000a\000l\000\040\000d\000e\000\040\000e\000n\000t\000r\000a\000d\000a\000\040\000c\000o\000m\000o\000\040\000s\000u\000m\000a\000\040\000d\000e\000\040\000t\000r\000a\000m\000o\000s}{subsection.3.2}% 19
\BOOKMARK [3][-]{subsubsection.3.2.2}{\376\377\000P\000r\000o\000p\000i\000e\000d\000a\000d\000\040\000d\000e\000\040\000l\000a\000\040\000t\000r\000a\000n\000s\000f\000o\000r\000m\000a\000d\000a\000\040\000d\000e\000\040\000L\000a\000p\000l\000a\000c\000e}{subsection.3.2}% 20
\BOOKMARK [3][-]{subsubsection.3.2.3}{\376\377\000T\000r\000a\000n\000s\000f\000o\000r\000m\000a\000d\000a\000s\000\040\000p\000a\000r\000c\000i\000a\000l\000e\000s}{subsection.3.2}% 21
\BOOKMARK [3][-]{subsubsection.3.2.4}{\376\377\000T\000r\000a\000n\000s\000f\000o\000r\000m\000a\000d\000a\000\040\000t\000o\000t\000a\000l}{subsection.3.2}% 22
\BOOKMARK [3][-]{subsubsection.3.2.5}{\376\377\000F\000u\000n\000c\000i\000\363\000n\000\040\000d\000e\000\040\000t\000r\000a\000n\000s\000f\000e\000r\000e\000n\000c\000i\000a}{subsection.3.2}% 23
\BOOKMARK [3][-]{subsubsection.3.2.6}{\376\377\000E\000n\000t\000r\000a\000d\000a\000\040\000t\000r\000a\000n\000s\000f\000o\000r\000m\000a\000d\000a\000\040\000s\000i\000m\000p\000l\000i\000f\000i\000c\000a\000d\000a}{subsection.3.2}% 24
\BOOKMARK [3][-]{subsubsection.3.2.7}{\376\377\000P\000r\000o\000d\000u\000c\000t\000o\000\040\000e\000n\000\040\000L\000a\000p\000l\000a\000c\000e}{subsection.3.2}% 25
\BOOKMARK [3][-]{subsubsection.3.2.8}{\376\377\000D\000e\000s\000c\000o\000m\000p\000o\000s\000i\000c\000i\000\363\000n\000\040\000e\000n\000\040\000f\000r\000a\000c\000c\000i\000o\000n\000e\000s\000\040\000p\000a\000r\000c\000i\000a\000l\000e\000s}{subsection.3.2}% 26
\BOOKMARK [3][-]{subsubsection.3.2.9}{\376\377\000T\000r\000a\000n\000s\000f\000o\000r\000m\000a\000d\000a\000\040\000i\000n\000v\000e\000r\000s\000a\000\040\000t\000\351\000r\000m\000i\000n\000o\000\040\000a\000\040\000t\000\351\000r\000m\000i\000n\000o}{subsection.3.2}% 27
\BOOKMARK [3][-]{subsubsection.3.2.10}{\376\377\000R\000e\000s\000p\000u\000e\000s\000t\000a\000\040\000e\000n\000\040\000e\000l\000\040\000d\000o\000m\000i\000n\000i\000o\000\040\000d\000e\000l\000\040\000t\000i\000e\000m\000p\000o}{subsection.3.2}% 28
\BOOKMARK [1][-]{section.4}{\376\377\000C\000o\000n\000c\000l\000u\000s\000i\000\363\000n\000\040\000y\000\040\000R\000e\000f\000e\000r\000e\000n\000c\000i\000a\000s}{}% 29
\BOOKMARK [2][-]{subsection.4.1}{\376\377\000C\000o\000n\000c\000l\000u\000s\000i\000\363\000n}{section.4}% 30
\BOOKMARK [2][-]{subsection.4.2}{\376\377\000R\000e\000f\000e\000r\000e\000n\000c\000i\000a\000s}{section.4}% 31
